#
# A fatal error has been detected by the Java Runtime Environment:
#
#  EXCEPTION_ACCESS_VIOLATION (0xc0000005) at pc=0x0000000076809549, pid=9820, tid=5468
#
# JRE version: Java(TM) SE Runtime Environment (8.0_20-b26) (build 1.8.0_20-b26)
# Java VM: Java HotSpot(TM) 64-Bit Server VM (25.20-b23 mixed mode windows-amd64 compressed oops)
# Problematic frame:
# V  [jvm.dll+0x119549]
#
# Failed to write core dump. Minidumps are not enabled by default on client versions of Windows
#
# If you would like to submit a bug report, please visit:
#   http://bugreport.sun.com/bugreport/crash.jsp
#

---------------  T H R E A D  ---------------

Current thread (0x0000000019d8f800):  JavaThread "JDWP Transport Listener: dt_socket" daemon [_thread_in_vm, id=5468, stack(0x000000001a360000,0x000000001a460000)]

siginfo: ExceptionCode=0xc0000005, reading address 0xffffffffffffffff

Registers:
RAX=0x000000001a45f901, RBX=0x0000000076d173f8, RCX=0x0000000076d173f8, RDX=0x0000000076add6b0
RSP=0x000000001a45f8c0, RBP=0x0000000019dc2c60, RSI=0x000000001a45f9d8, RDI=0x0000000002c97eb0
R8 =0x0000000019d8f800, R9 =0x0000000000008000, R10=0x0000000000000000, R11=0x0000000019e3cda1
R12=0x0000000000000000, R13=0x0000000019d9a348, R14=0x0000000000000000, R15=0x0000000000000000
RIP=0x0000000076809549, EFLAGS=0x0000000000010202

Top of Stack: (sp=0x000000001a45f8c0)
0x000000001a45f8c0:   0000000019d8f800 0000000019d8f800
0x000000001a45f8d0:   000000001a45f988 0000000076a0655b
0x000000001a45f8e0:   0000000019d8f800 0000000076a22dbd
0x000000001a45f8f0:   0000000000000000 0000000076699149
0x000000001a45f900:   0000000019e5a8d8 00000000766a2912
0x000000001a45f910:   0000000019d8f800 0000000000000000
0x000000001a45f920:   0000000000000000 0000000000000000
0x000000001a45f930:   0000000019dc2c60 00000000766a1a09
0x000000001a45f940:   000000001a45f9d8 000000001a45f9b0
0x000000001a45f950:   0000000000000001 0000000019e5a8d8
0x000000001a45f960:   0000000019dc2c60 00000000766853b3
0x000000001a45f970:   000000001a45faa0 0000000000000001
0x000000001a45f980:   0000000000000001 0000000019e5a8d8
0x000000001a45f990:   000000000000000a 0000000000000000
0x000000001a45f9a0:   0000000000000000 0000000000000000
0x000000001a45f9b0:   0000000000000001 0000000076685571 

Instructions: (pc=0x0000000076809549)
0x0000000076809529:   33 c0 48 83 c4 28 c3 48 89 5c 24 20 48 8b 19 48
0x0000000076809539:   85 db 74 20 48 83 fb 37 74 1a 48 8b 13 48 8b cb
0x0000000076809549:   ff 52 10 84 c0 74 0d 48 8b c3 48 8b 5c 24 20 48
0x0000000076809559:   83 c4 28 c3 33 c0 48 8b 5c 24 20 48 83 c4 28 c3 


Register to memory mapping:

RAX=0x000000001a45f901 is pointing into the stack for thread: 0x0000000019d8f800
RBX=0x0000000076d173f8 is an unknown value
RCX=0x0000000076d173f8 is an unknown value
RDX=0x0000000076add6b0 is an unknown value
RSP=0x000000001a45f8c0 is pointing into the stack for thread: 0x0000000019d8f800
RBP=0x0000000019dc2c60 is an unknown value
RSI=0x000000001a45f9d8 is pointing into the stack for thread: 0x0000000019d8f800
RDI=0x0000000002c97eb0 is an unknown value
R8 =0x0000000019d8f800 is a thread
R9 =0x0000000000008000 is an unknown value
R10=0x0000000000000000 is an unknown value
R11=0x0000000019e3cda1 is an unknown value
R12=0x0000000000000000 is an unknown value
R13=0x0000000019d9a348 is an unknown value
R14=0x0000000000000000 is an unknown value
R15=0x0000000000000000 is an unknown value


Stack: [0x000000001a360000,0x000000001a460000],  sp=0x000000001a45f8c0,  free space=1022k
Native frames: (J=compiled Java code, j=interpreted, Vv=VM code, C=native code)
V  [jvm.dll+0x119549]
V  [jvm.dll+0x332dbd]
C  [jdwp.dll+0x21a09]
C  [jdwp.dll+0x53b3]
C  [jdwp.dll+0x5571]
C  [jdwp.dll+0xf09c]
C  [jdwp.dll+0x1f2c9]
C  [jdwp.dll+0x1f49e]
V  [jvm.dll+0x1aaa18]
V  [jvm.dll+0x22aac4]
V  [jvm.dll+0x283f5a]
C  [msvcr100.dll+0x21d9f]
C  [msvcr100.dll+0x21e3b]
C  [KERNEL32.DLL+0x16ad]
C  [ntdll.dll+0x734a5]


---------------  P R O C E S S  ---------------

Java Threads: ( => current thread )
  0x0000000019e3d800 JavaThread "Service Thread" daemon [_thread_blocked, id=11092, stack(0x000000001aa60000,0x000000001ab60000)]
  0x0000000019dc0800 JavaThread "C1 CompilerThread3" daemon [_thread_blocked, id=6780, stack(0x000000001a960000,0x000000001aa60000)]
  0x0000000019dbf800 JavaThread "C2 CompilerThread2" daemon [_thread_blocked, id=7840, stack(0x000000001a860000,0x000000001a960000)]
  0x0000000019dbf000 JavaThread "C2 CompilerThread1" daemon [_thread_blocked, id=6184, stack(0x000000001a760000,0x000000001a860000)]
  0x0000000019dbc000 JavaThread "C2 CompilerThread0" daemon [_thread_blocked, id=6324, stack(0x000000001a660000,0x000000001a760000)]
  0x0000000019d9f800 JavaThread "JDWP Command Reader" daemon [_thread_in_native, id=7368, stack(0x000000001a560000,0x000000001a660000)]
  0x0000000019d9c800 JavaThread "JDWP Event Helper Thread" daemon [_thread_blocked, id=10584, stack(0x000000001a460000,0x000000001a560000)]
=>0x0000000019d8f800 JavaThread "JDWP Transport Listener: dt_socket" daemon [_thread_in_vm, id=5468, stack(0x000000001a360000,0x000000001a460000)]
  0x0000000019d88000 JavaThread "Attach Listener" daemon [_thread_blocked, id=4332, stack(0x000000001a260000,0x000000001a360000)]
  0x0000000019d87000 JavaThread "Signal Dispatcher" daemon [_thread_blocked, id=10252, stack(0x000000001a160000,0x000000001a260000)]
  0x0000000002d99000 JavaThread "Finalizer" daemon [_thread_blocked, id=7920, stack(0x0000000019c60000,0x0000000019d60000)]
  0x0000000002d92000 JavaThread "Reference Handler" daemon [_thread_blocked, id=10960, stack(0x0000000019b60000,0x0000000019c60000)]
  0x0000000002ca2800 JavaThread "main" [_thread_blocked, id=7860, stack(0x0000000002b20000,0x0000000002c20000)]

Other Threads:
  0x0000000017d88800 VMThread [stack: 0x0000000019a60000,0x0000000019b60000] [id=8852]
  0x0000000019e43000 WatcherThread [stack: 0x000000001ab60000,0x000000001ac60000] [id=6612]

VM state:not at safepoint (normal execution)

VM Mutex/Monitor currently owned by a thread: None

Heap:
 PSYoungGen      total 38400K, used 3994K [0x00000000d5a00000, 0x00000000d8480000, 0x0000000100000000)
  eden space 33280K, 12% used [0x00000000d5a00000,0x00000000d5de6818,0x00000000d7a80000)
  from space 5120K, 0% used [0x00000000d7f80000,0x00000000d7f80000,0x00000000d8480000)
  to   space 5120K, 0% used [0x00000000d7a80000,0x00000000d7a80000,0x00000000d7f80000)
 ParOldGen       total 87552K, used 0K [0x0000000080e00000, 0x0000000086380000, 0x00000000d5a00000)
  object space 87552K, 0% used [0x0000000080e00000,0x0000000080e00000,0x0000000086380000)
 Metaspace       used 3943K, capacity 4998K, committed 5120K, reserved 1056768K
  class space    used 420K, capacity 430K, committed 512K, reserved 1048576K

Card table byte_map: [0x0000000012160000,0x0000000012560000] byte_map_base: 0x0000000011d59000

Marking Bits: (ParMarkBitMap*) 0x0000000076ecb460
 Begin Bits: [0x0000000013010000, 0x0000000014fd8000)
 End Bits:   [0x0000000014fd8000, 0x0000000016fa0000)

Polling page: 0x00000000012f0000

CodeCache: size=245760Kb used=1359Kb max_used=1359Kb free=244400Kb
 bounds [0x0000000002da0000, 0x0000000003010000, 0x0000000011da0000]
 total_blobs=373 nmethods=127 adapters=168
 compilation: enabled

Compilation events (10 events):
Event: 5.109 Thread 0x0000000019dc0800  122       3       sun.misc.FDBigInteger::mult (64 bytes)
Event: 5.110 Thread 0x0000000019dc0800 nmethod 122 0x0000000002eee510 code [0x0000000002eee680, 0x0000000002eee910]
Event: 5.110 Thread 0x0000000019dc0800  123       3       sun.misc.FDBigInteger::<init> (30 bytes)
Event: 5.110 Thread 0x0000000019dc0800 nmethod 123 0x0000000002eee090 code [0x0000000002eee200, 0x0000000002eee428]
Event: 5.110 Thread 0x0000000019dc0800  124       3       sun.misc.FDBigInteger::trimLeadingZeros (57 bytes)
Event: 5.110 Thread 0x0000000019dc0800 nmethod 124 0x0000000002eeda10 code [0x0000000002eedb80, 0x0000000002eedeb0]
Event: 2326.201 Thread 0x0000000019dc0800  126       3       java.lang.String::toCharArray (25 bytes)
Event: 2326.201 Thread 0x0000000019dc0800 nmethod 126 0x0000000002ef3ad0 code [0x0000000002ef3c40, 0x0000000002ef3ec8]
Event: 2326.201 Thread 0x0000000019dc0800  127       3       java.lang.String::lastIndexOf (13 bytes)
Event: 2326.201 Thread 0x0000000019dc0800 nmethod 127 0x0000000002ef3f90 code [0x0000000002ef4100, 0x0000000002ef4328]

GC Heap History (0 events):
No events

Deoptimization events (0 events):
No events

Internal exceptions (10 events):
Event: 0.088 Thread 0x0000000002ca2800 Exception <a 'java/security/PrivilegedActionException'> (0x00000000d5d46920) thrown at [D:\re\workspace\8-2-build-windows-amd64-cygwin\jdk8u20\1074\hotspot\src\share\vm\prims\jvm.cpp, line 1275]
Event: 0.088 Thread 0x0000000002ca2800 Exception <a 'java/security/PrivilegedActionException'> (0x00000000d5d49198) thrown at [D:\re\workspace\8-2-build-windows-amd64-cygwin\jdk8u20\1074\hotspot\src\share\vm\prims\jvm.cpp, line 1275]
Event: 0.089 Thread 0x0000000002ca2800 Exception <a 'java/security/PrivilegedActionException'> (0x00000000d5d4b6e8) thrown at [D:\re\workspace\8-2-build-windows-amd64-cygwin\jdk8u20\1074\hotspot\src\share\vm\prims\jvm.cpp, line 1275]
Event: 0.089 Thread 0x0000000002ca2800 Exception <a 'java/security/PrivilegedActionException'> (0x00000000d5d4e8c0) thrown at [D:\re\workspace\8-2-build-windows-amd64-cygwin\jdk8u20\1074\hotspot\src\share\vm\prims\jvm.cpp, line 1275]
Event: 0.090 Thread 0x0000000002ca2800 Exception <a 'java/security/PrivilegedActionException'> (0x00000000d5d51420) thrown at [D:\re\workspace\8-2-build-windows-amd64-cygwin\jdk8u20\1074\hotspot\src\share\vm\prims\jvm.cpp, line 1275]
Event: 0.090 Thread 0x0000000002ca2800 Exception <a 'java/security/PrivilegedActionException'> (0x00000000d5d54a90) thrown at [D:\re\workspace\8-2-build-windows-amd64-cygwin\jdk8u20\1074\hotspot\src\share\vm\prims\jvm.cpp, line 1275]
Event: 0.091 Thread 0x0000000002ca2800 Exception <a 'java/security/PrivilegedActionException'> (0x00000000d5d57928) thrown at [D:\re\workspace\8-2-build-windows-amd64-cygwin\jdk8u20\1074\hotspot\src\share\vm\prims\jvm.cpp, line 1275]
Event: 0.092 Thread 0x0000000002ca2800 Exception <a 'java/security/PrivilegedActionException'> (0x00000000d5d5b740) thrown at [D:\re\workspace\8-2-build-windows-amd64-cygwin\jdk8u20\1074\hotspot\src\share\vm\prims\jvm.cpp, line 1275]
Event: 0.093 Thread 0x0000000002ca2800 Exception <a 'java/security/PrivilegedActionException'> (0x00000000d5d603f0) thrown at [D:\re\workspace\8-2-build-windows-amd64-cygwin\jdk8u20\1074\hotspot\src\share\vm\prims\jvm.cpp, line 1275]
Event: 2326.200 Thread 0x0000000019d8f800 Exception <a 'java/security/PrivilegedActionException'> (0x00000000d5b4e028) thrown at [D:\re\workspace\8-2-build-windows-amd64-cygwin\jdk8u20\1074\hotspot\src\share\vm\prims\jvm.cpp, line 1275]

Events (10 events):
Event: 3262.055 Executing VM operation: ChangeBreakpoints
Event: 3262.055 Executing VM operation: ChangeBreakpoints done
Event: 3277.137 Executing VM operation: ChangeBreakpoints
Event: 3277.137 Executing VM operation: ChangeBreakpoints done
Event: 3349.262 Executing VM operation: ChangeBreakpoints
Event: 3349.262 Executing VM operation: ChangeBreakpoints done
Event: 3349.927 Executing VM operation: ChangeBreakpoints
Event: 3349.927 Executing VM operation: ChangeBreakpoints done
Event: 3600.665 Executing VM operation: RedefineClasses
Event: 3600.666 Executing VM operation: RedefineClasses done


Dynamic libraries:
0x00007ff6a77b0000 - 0x00007ff6a77e4000 	C:\Program Files\Java\jdk1.8.0_20\bin\java.exe
0x00007fffc6bf0000 - 0x00007fffc6d9a000 	C:\WINDOWS\SYSTEM32\ntdll.dll
0x00007fffc6aa0000 - 0x00007fffc6bda000 	C:\WINDOWS\system32\KERNEL32.DLL
0x00007fffc4210000 - 0x00007fffc431f000 	C:\WINDOWS\system32\KERNELBASE.dll
0x00007fffc2b90000 - 0x00007fffc2c18000 	C:\WINDOWS\system32\apphelp.dll
0x00007fffb5bf0000 - 0x00007fffb5c3f000 	C:\WINDOWS\AppPatch\AppPatch64\AcGenral.DLL
0x00007fffc5ca0000 - 0x00007fffc5d47000 	C:\WINDOWS\system32\msvcrt.dll
0x00007fffc3d40000 - 0x00007fffc3d6b000 	C:\WINDOWS\SYSTEM32\SspiCli.dll
0x00007fffc6850000 - 0x00007fffc68a1000 	C:\WINDOWS\system32\SHLWAPI.dll
0x00007fffc62a0000 - 0x00007fffc6411000 	C:\WINDOWS\system32\USER32.dll
0x00007fffc5d80000 - 0x00007fffc5ef8000 	C:\WINDOWS\system32\ole32.dll
0x00007fffc4880000 - 0x00007fffc5c9f000 	C:\WINDOWS\system32\SHELL32.dll
0x00007fffc3570000 - 0x00007fffc358e000 	C:\WINDOWS\SYSTEM32\USERENV.dll
0x00007fffc69f0000 - 0x00007fffc6a95000 	C:\WINDOWS\system32\ADVAPI32.dll
0x00007fffbb520000 - 0x00007fffbb53b000 	C:\WINDOWS\SYSTEM32\MPR.dll
0x00007fffc66b0000 - 0x00007fffc67e7000 	C:\WINDOWS\system32\RPCRT4.dll
0x00007fffc5f00000 - 0x00007fffc5f57000 	C:\WINDOWS\SYSTEM32\sechost.dll
0x00007fffc64d0000 - 0x00007fffc66a6000 	C:\WINDOWS\SYSTEM32\combase.dll
0x00007fffc44f0000 - 0x00007fffc4634000 	C:\WINDOWS\system32\GDI32.dll
0x00007fffc3f60000 - 0x00007fffc3f74000 	C:\WINDOWS\SYSTEM32\profapi.dll
0x00007fffc26c0000 - 0x00007fffc275f000 	C:\WINDOWS\SYSTEM32\SHCORE.dll
0x00007fffc4640000 - 0x00007fffc4674000 	C:\WINDOWS\system32\IMM32.DLL
0x00007fffc68b0000 - 0x00007fffc69e9000 	C:\WINDOWS\system32\MSCTF.dll
0x00007fffc2290000 - 0x00007fffc24ea000 	C:\WINDOWS\WinSxS\amd64_microsoft.windows.common-controls_6595b64144ccf1df_6.0.9600.17031_none_6242a4b3ecbb55a1\COMCTL32.dll
0x0000000076f50000 - 0x0000000077022000 	C:\Program Files\Java\jdk1.8.0_20\jre\bin\msvcr100.dll
0x00000000766f0000 - 0x0000000076f48000 	C:\Program Files\Java\jdk1.8.0_20\jre\bin\server\jvm.dll
0x00007fffb8730000 - 0x00007fffb8739000 	C:\WINDOWS\SYSTEM32\WSOCK32.dll
0x00007fffbfe50000 - 0x00007fffbfe6f000 	C:\WINDOWS\SYSTEM32\WINMM.dll
0x00007fffc6be0000 - 0x00007fffc6be7000 	C:\WINDOWS\system32\PSAPI.DLL
0x00007fffc4490000 - 0x00007fffc44e8000 	C:\WINDOWS\system32\WS2_32.dll
0x00007fffbfe10000 - 0x00007fffbfe3a000 	C:\WINDOWS\SYSTEM32\WINMMBASE.dll
0x00007fffc5d70000 - 0x00007fffc5d79000 	C:\WINDOWS\system32\NSI.dll
0x00007fffc43d0000 - 0x00007fffc441a000 	C:\WINDOWS\SYSTEM32\cfgmgr32.dll
0x00007fffc2de0000 - 0x00007fffc2e06000 	C:\WINDOWS\SYSTEM32\DEVOBJ.dll
0x0000000050000000 - 0x000000005000f000 	C:\Program Files\Java\jdk1.8.0_20\jre\bin\verify.dll
0x00000000766c0000 - 0x00000000766e8000 	C:\Program Files\Java\jdk1.8.0_20\jre\bin\java.dll
0x0000000076680000 - 0x00000000766b5000 	C:\Program Files\Java\jdk1.8.0_20\jre\bin\jdwp.dll
0x0000000076670000 - 0x0000000076678000 	C:\Program Files\Java\jdk1.8.0_20\jre\bin\npt.dll
0x0000000076650000 - 0x0000000076666000 	C:\Program Files\Java\jdk1.8.0_20\jre\bin\zip.dll
0x0000000076640000 - 0x0000000076649000 	C:\Program Files\Java\jdk1.8.0_20\jre\bin\dt_socket.dll
0x00007fffc37c0000 - 0x00007fffc3818000 	C:\WINDOWS\system32\mswsock.dll
0x00007fffbe740000 - 0x00007fffbe8c8000 	C:\WINDOWS\SYSTEM32\dbghelp.dll

VM Arguments:
jvm_args: -agentlib:jdwp=transport=dt_socket,address=127.0.0.1:44193,suspend=y,server=n -Dfile.encoding=UTF-8 
java_command: parser.Parsing.Parser
java_class_path (initial): C:\Program Files\Java\jdk1.8.0_20\jre\lib\charsets.jar;C:\Program Files\Java\jdk1.8.0_20\jre\lib\deploy.jar;C:\Program Files\Java\jdk1.8.0_20\jre\lib\javaws.jar;C:\Program Files\Java\jdk1.8.0_20\jre\lib\jce.jar;C:\Program Files\Java\jdk1.8.0_20\jre\lib\jfr.jar;C:\Program Files\Java\jdk1.8.0_20\jre\lib\jfxswt.jar;C:\Program Files\Java\jdk1.8.0_20\jre\lib\jsse.jar;C:\Program Files\Java\jdk1.8.0_20\jre\lib\management-agent.jar;C:\Program Files\Java\jdk1.8.0_20\jre\lib\plugin.jar;C:\Program Files\Java\jdk1.8.0_20\jre\lib\resources.jar;C:\Program Files\Java\jdk1.8.0_20\jre\lib\rt.jar;C:\Program Files\Java\jdk1.8.0_20\jre\lib\ext\access-bridge-64.jar;C:\Program Files\Java\jdk1.8.0_20\jre\lib\ext\cldrdata.jar;C:\Program Files\Java\jdk1.8.0_20\jre\lib\ext\dnsns.jar;C:\Program Files\Java\jdk1.8.0_20\jre\lib\ext\jaccess.jar;C:\Program Files\Java\jdk1.8.0_20\jre\lib\ext\jfxrt.jar;C:\Program Files\Java\jdk1.8.0_20\jre\lib\ext\localedata.jar;C:\Program Files\Java\jdk1.8.0_20\jre\lib\ext\nashorn.jar;C:\Program Files\Java\jdk1.8.0_20\jre\lib\ext\sunec.jar;C:\Program Files\Java\jdk1.8.0_20\jre\lib\ext\sunjce_provider.jar;C:\Program Files\Java\jdk1.8.0_20\jre\lib\ext\sunmscapi.jar;C:\Program Files\Java\jdk1.8.0_20\jre\lib\ext\sunpkcs11.jar;C:\Program Files\Java\jdk1.8.0_20\jre\lib\ext\zipfs.jar;C:\Users\Utilisateur\Documents\NetBeansProjects\Parser\out\production\Parser;C:\Program Files (x86)\JetBrains\IntelliJ IDEA Community Edition 13.1.4\lib\idea_rt.jar
Launcher Type: SUN_STANDARD

Environment Variables:
PATH=C:\ProgramData\Oracle\Java\javapath;C:\Program Files (x86)\NVIDIA Corporation\PhysX\Common;C:\Program Files (x86)\Intel\iCLS Client\;C:\Program Files\Intel\iCLS Client\;C:\WINDOWS\system32;C:\WINDOWS;C:\WINDOWS\System32\Wbem;C:\WINDOWS\System32\WindowsPowerShell\v1.0\;C:\Program Files\Intel\Intel(R) Management Engine Components\DAL;C:\Program Files\Intel\Intel(R) Management Engine Components\IPT;C:\Program Files (x86)\Intel\Intel(R) Management Engine Components\DAL;C:\Program Files (x86)\Intel\Intel(R) Management Engine Components\IPT;C:\Program Files\Microsoft SQL Server\110\Tools\Binn\;C:\Program Files (x86)\Windows Kits\8.1\Windows Performance Toolkit\;C:\Program Files (x86)\Support Tools\;C:\Program Files (x86)\Plantronics\PlantronicsURE\
USERNAME=Utilisateur
OS=Windows_NT
PROCESSOR_IDENTIFIER=Intel64 Family 6 Model 60 Stepping 3, GenuineIntel



---------------  S Y S T E M  ---------------

OS: Windows 8.1 , 64 bit Build 9600 

CPU:total 8 (4 cores per cpu, 2 threads per core) family 6 model 60 stepping 3, cmov, cx8, fxsr, mmx, sse, sse2, sse3, ssse3, sse4.1, sse4.2, popcnt, avx, avx2, aes, clmul, erms, rtm, lzcnt, ht, tsc, tscinvbit, bmi1, bmi2

Memory: 4k page, physical 8327348k(4868692k free), swap 10218080k(4888956k free)

vm_info: Java HotSpot(TM) 64-Bit Server VM (25.20-b23) for windows-amd64 JRE (1.8.0_20-b26), built on Jul 30 2014 13:51:23 by "java_re" with MS VC++ 10.0 (VS2010)

time: Wed Oct 01 21:38:17 2014
elapsed time: 3600 seconds (0d 1h 0m 0s)

